<?xml version="1.0" encoding="UTF-8"?>
<testng-results skipped="0" failed="0" ignored="0" total="5" passed="5">
  <reporter-output>
  </reporter-output>
  <suite name="Default suite" duration-ms="67" started-at="2019-02-05T20:56:50Z" finished-at="2019-02-05T20:56:50Z">
    <groups>
    </groups>
    <test name="Default test" duration-ms="67" started-at="2019-02-05T20:56:50Z" finished-at="2019-02-05T20:56:50Z">
      <class name="concepts.SeleniumPrority">
        <test-method status="PASS" signature="ca_method()[pri:-6, instance:concepts.SeleniumPrority@5f375618]" name="ca_method" duration-ms="15" started-at="2019-02-06T02:26:50Z" finished-at="2019-02-06T02:26:50Z">
          <reporter-output>
          </reporter-output>
        </test-method> <!-- ca_method -->
        <test-method status="PASS" signature="aa_method()[pri:0, instance:concepts.SeleniumPrority@5f375618]" name="aa_method" duration-ms="2" started-at="2019-02-06T02:26:50Z" finished-at="2019-02-06T02:26:50Z">
          <reporter-output>
          </reporter-output>
        </test-method> <!-- aa_method -->
        <test-method status="PASS" signature="aa_method1()[pri:0, instance:concepts.SeleniumPrority@5f375618]" name="aa_method1" duration-ms="1" started-at="2019-02-06T02:26:50Z" finished-at="2019-02-06T02:26:50Z">
          <reporter-output>
          </reporter-output>
        </test-method> <!-- aa_method1 -->
        <test-method status="PASS" signature="e_method()[pri:0, instance:concepts.SeleniumPrority@5f375618]" name="e_method" duration-ms="2" started-at="2019-02-06T02:26:50Z" finished-at="2019-02-06T02:26:50Z">
          <reporter-output>
          </reporter-output>
        </test-method> <!-- e_method -->
        <test-method status="PASS" signature="d_method()[pri:6, instance:concepts.SeleniumPrority@5f375618]" name="d_method" duration-ms="2" started-at="2019-02-06T02:26:50Z" finished-at="2019-02-06T02:26:50Z">
          <reporter-output>
          </reporter-output>
        </test-method> <!-- d_method -->
      </class> <!-- concepts.SeleniumPrority -->
    </test> <!-- Default test -->
  </suite> <!-- Default suite -->
</testng-results>
