<?xml version="1.0" encoding="UTF-8"?>
<testng-results skipped="0" failed="0" total="5" passed="5">
  <reporter-output>
  </reporter-output>
  <suite name="Default suite" duration-ms="47" started-at="2018-12-10T09:42:50Z" finished-at="2018-12-10T09:42:50Z">
    <groups>
    </groups>
    <test name="Default test" duration-ms="47" started-at="2018-12-10T09:42:50Z" finished-at="2018-12-10T09:42:50Z">
      <class name="SeleniumPackage.priorityOrder">
        <test-method status="PASS" signature="test2()[pri:-4, instance:SeleniumPackage.priorityOrder@59f99ea]" name="test2" duration-ms="13" started-at="2018-12-10T15:12:50Z" finished-at="2018-12-10T15:12:50Z">
          <reporter-output>
          </reporter-output>
        </test-method> <!-- test2 -->
        <test-method status="PASS" signature="test1()[pri:-3, instance:SeleniumPackage.priorityOrder@59f99ea]" name="test1" duration-ms="2" started-at="2018-12-10T15:12:50Z" finished-at="2018-12-10T15:12:50Z">
          <reporter-output>
          </reporter-output>
        </test-method> <!-- test1 -->
        <test-method status="PASS" signature="test3()[pri:-3, instance:SeleniumPackage.priorityOrder@59f99ea]" name="test3" duration-ms="2" started-at="2018-12-10T15:12:50Z" finished-at="2018-12-10T15:12:50Z">
          <reporter-output>
          </reporter-output>
        </test-method> <!-- test3 -->
        <test-method status="PASS" signature="test4()[pri:0, instance:SeleniumPackage.priorityOrder@59f99ea]" name="test4" duration-ms="2" started-at="2018-12-10T15:12:50Z" finished-at="2018-12-10T15:12:50Z">
          <reporter-output>
          </reporter-output>
        </test-method> <!-- test4 -->
        <test-method status="PASS" signature="test5()[pri:0, instance:SeleniumPackage.priorityOrder@59f99ea]" name="test5" duration-ms="1" started-at="2018-12-10T15:12:50Z" finished-at="2018-12-10T15:12:50Z">
          <reporter-output>
          </reporter-output>
        </test-method> <!-- test5 -->
      </class> <!-- SeleniumPackage.priorityOrder -->
    </test> <!-- Default test -->
  </suite> <!-- Default suite -->
</testng-results>
