<?xml version="1.0" encoding="UTF-8"?>
<testsuite name="TestSuite" time="326.115" tests="9" errors="0" skipped="8" failures="1">
  <properties>
[...]
</properties>
  <testcase name="setDriver" classname="Test.TestcLass" time="326.115">
    <failure message="Timed out waiting for page to load.&#10;Build info: version: &apos;3.14.0&apos;, revision: &apos;aacccce0&apos;, time: &apos;2018-08-02T20:19:58.91Z&apos;&#10;System info: host: &apos;HSNMM-RAMNIWAS&apos;, ip: &apos;192.168.56.1&apos;, os.name: &apos;Windows 7&apos;, os.arch: &apos;amd64&apos;, os.version: &apos;6.1&apos;, java.version: &apos;1.8.0_74&apos;&#10;Driver info: org.openqa.selenium.ie.InternetExplorerDriver&#10;Capabilities {acceptInsecureCerts: false, browserName: internet explorer, browserVersion: 11, javascriptEnabled: true, pageLoadStrategy: normal, platform: WINDOWS, platformName: WINDOWS, proxy: Proxy(), se:ieOptions: {browserAttachTimeout: 0, elementScrollBehavior: 0, enablePersistentHover: true, ie.browserCommandLineSwitches: , ie.ensureCleanSession: false, ie.fileUploadDialogTimeout: 3000, ie.forceCreateProcessApi: false, ignoreProtectedModeSettings: false, ignoreZoomSetting: false, initialBrowserUrl: http://localhost:28759/, nativeEvents: true, requireWindowFocus: false}, setWindowRect: true, timeouts: {implicit: 0, pageLoad: 300000, script: 30000}}&#10;Session ID: 87336124-b9fe-4e99-bd20-569331fdfa2a" type="org.openqa.selenium.TimeoutException">org.openqa.selenium.TimeoutException: Timed out waiting for page to load.
Build info: version: '3.14.0', revision: 'aacccce0', time: '2018-08-02T20:19:58.91Z'
System info: host: 'HSNMM-RAMNIWAS', ip: '192.168.56.1', os.name: 'Windows 7', os.arch: 'amd64', os.version: '6.1', java.version: '1.8.0_74'
Driver info: org.openqa.selenium.ie.InternetExplorerDriver
Capabilities {acceptInsecureCerts: false, browserName: internet explorer, browserVersion: 11, javascriptEnabled: true, pageLoadStrategy: normal, platform: WINDOWS, platformName: WINDOWS, proxy: Proxy(), se:ieOptions: {browserAttachTimeout: 0, elementScrollBehavior: 0, enablePersistentHover: true, ie.browserCommandLineSwitches: , ie.ensureCleanSession: false, ie.fileUploadDialogTimeout: 3000, ie.forceCreateProcessApi: false, ignoreProtectedModeSettings: false, ignoreZoomSetting: false, initialBrowserUrl: http://localhost:28759/, nativeEvents: true, requireWindowFocus: false}, setWindowRect: true, timeouts: {implicit: 0, pageLoad: 300000, script: 30000}}
Session ID: 87336124-b9fe-4e99-bd20-569331fdfa2a
	at sun.reflect.NativeConstructorAccessorImpl.newInstance0(Native Method)
	at sun.reflect.NativeConstructorAccessorImpl.newInstance(NativeConstructorAccessorImpl.java:62)
	at sun.reflect.DelegatingConstructorAccessorImpl.newInstance(DelegatingConstructorAccessorImpl.java:45)
	at java.lang.reflect.Constructor.newInstance(Constructor.java:423)
	at org.openqa.selenium.remote.http.W3CHttpResponseCodec.createException(W3CHttpResponseCodec.java:187)
	at org.openqa.selenium.remote.http.W3CHttpResponseCodec.decode(W3CHttpResponseCodec.java:122)
	at org.openqa.selenium.remote.http.W3CHttpResponseCodec.decode(W3CHttpResponseCodec.java:49)
	at org.openqa.selenium.remote.HttpCommandExecutor.execute(HttpCommandExecutor.java:158)
	at org.openqa.selenium.remote.service.DriverCommandExecutor.execute(DriverCommandExecutor.java:83)
	at org.openqa.selenium.remote.RemoteWebDriver.execute(RemoteWebDriver.java:548)
	at org.openqa.selenium.remote.RemoteWebDriver.get(RemoteWebDriver.java:276)
	at Test.TestcLass.setDriver(TestcLass.java:95)
</failure>
    <system-out><![CDATA[data\TestData.xlsx
Test Full Name
niwasenator@gmail.com
P@$$word@123
9999999999
]]></system-out>
    <system-err><![CDATA[Started InternetExplorerDriver server (64-bit)
3.14.0.0
Listening on port 35780
Only local connections are allowed
Feb 08, 2019 5:05:20 PM org.openqa.selenium.remote.ProtocolHandshake createSession
INFO: Detected dialect: W3C
Started InternetExplorerDriver server (64-bit)
3.14.0.0
Listening on port 28759
Only local connections are allowed
Feb 08, 2019 5:05:24 PM org.openqa.selenium.remote.ProtocolHandshake createSession
INFO: Detected dialect: W3C
Feb 08, 2019 5:10:24 PM org.openqa.selenium.remote.ErrorCodes toStatus
INFO: HTTP Status: '500' -> incorrect JSON status mapping for 'timeout' (408 expected)
]]></system-err>
  </testcase>
  <testcase name="setDriver" classname="Test.TestcLass" time="0">
    <skipped/>
    <system-out><![CDATA[rnsahu2308@gmail.com
Abc@12345
]]></system-out>
  </testcase>
  <testcase name="setDriver" classname="Test.TestcLass" time="0">
    <skipped/>
    <system-out><![CDATA[rnsahu2308@gmail.com
]]></system-out>
  </testcase>
  <testcase name="SignINTestNormally" classname="Test.TestcLass" time="0">
    <skipped/>
  </testcase>
  <testcase name="closedriver" classname="Test.TestcLass" time="0">
    <skipped/>
  </testcase>
  <testcase name="closedriver" classname="Test.TestcLass" time="0">
    <skipped/>
  </testcase>
  <testcase name="closedriver" classname="Test.TestcLass" time="0">
    <skipped/>
  </testcase>
  <testcase name="SignINTestViaFB" classname="Test.TestcLass" time="0">
    <skipped/>
  </testcase>
  <testcase name="ForgotPassword" classname="Test.TestcLass" time="0">
    <skipped/>
  </testcase>
</testsuite>