<?xml version="1.0" encoding="UTF-8"?>
<!-- Generated by org.testng.reporters.JUnitXMLReporter -->
<testsuite hostname="HSNMM-RamNiwas" name="Default test" tests="5" failures="0" timestamp="10 Dec 2018 09:42:50 GMT" time="0.047" errors="0">
  <testcase name="test2" time="0.013" classname="SeleniumPackage.priorityOrder"/>
  <testcase name="test1" time="0.002" classname="SeleniumPackage.priorityOrder"/>
  <testcase name="test3" time="0.002" classname="SeleniumPackage.priorityOrder"/>
  <testcase name="test4" time="0.002" classname="SeleniumPackage.priorityOrder"/>
  <testcase name="test5" time="0.001" classname="SeleniumPackage.priorityOrder"/>
</testsuite> <!-- Default test -->
