<?xml version="1.0" encoding="UTF-8"?>
<!-- Generated by org.testng.reporters.JUnitXMLReporter -->
<testsuite hostname="HSNMM-RamNiwas" name="Cash" tests="3" failures="0" timestamp="8 Feb 2019 11:07:53 GMT" time="48.958" errors="0">
  <testcase name="@BeforeMethod setDriver" time="0.0" classname="Test.TestcLass">
    <failure type="org.openqa.selenium.WebDriverException" message="Timed out waiting 45 seconds for Firefox to start.
Build info: version: &amp;apos;3.14.0&amp;apos;, revision: &amp;apos;aacccce0&amp;apos;, time: &amp;apos;2018-08-02T20:19:58.91Z&amp;apos;
System info: host: &amp;apos;HSNMM-RAMNIWAS&amp;apos;, ip: &amp;apos;192.168.56.1&amp;apos;, os.name: &amp;apos;Windows 7&amp;apos;, os.arch: &amp;apos;amd64&amp;apos;, os.version: &amp;apos;6.1&amp;apos;, java.version: &amp;apos;1.8.0_74&amp;apos;
Driver info: driver.version: FirefoxDriver">
      <![CDATA[org.openqa.selenium.WebDriverException: Timed out waiting 45 seconds for Firefox to start.
Build info: version: '3.14.0', revision: 'aacccce0', time: '2018-08-02T20:19:58.91Z'
System info: host: 'HSNMM-RAMNIWAS', ip: '192.168.56.1', os.name: 'Windows 7', os.arch: 'amd64', os.version: '6.1', java.version: '1.8.0_74'
Driver info: driver.version: FirefoxDriver
	at org.openqa.selenium.firefox.XpiDriverService.waitUntilAvailable(XpiDriverService.java:133)
	at org.openqa.selenium.firefox.XpiDriverService.start(XpiDriverService.java:118)
	at org.openqa.selenium.remote.service.DriverCommandExecutor.execute(DriverCommandExecutor.java:79)
	at org.openqa.selenium.remote.RemoteWebDriver.execute(RemoteWebDriver.java:548)
	at org.openqa.selenium.remote.RemoteWebDriver.startSession(RemoteWebDriver.java:212)
	at org.openqa.selenium.remote.RemoteWebDriver.<init>(RemoteWebDriver.java:130)
	at org.openqa.selenium.firefox.FirefoxDriver.<init>(FirefoxDriver.java:125)
	at org.openqa.selenium.firefox.FirefoxDriver.<init>(FirefoxDriver.java:103)
	at Test.TestcLass.setDriver(TestcLass.java:64)
Caused by: org.openqa.selenium.net.UrlChecker$TimeoutException: Timed out waiting for [http://localhost:18497/hub/status] to be available after 45002 ms
	at org.openqa.selenium.net.UrlChecker.waitUntilAvailable(UrlChecker.java:100)
	at org.openqa.selenium.firefox.XpiDriverService.waitUntilAvailable(XpiDriverService.java:131)
	... 34 more
Caused by: java.util.concurrent.TimeoutException
	at java.util.concurrent.FutureTask.get(FutureTask.java:205)
	at com.google.common.util.concurrent.SimpleTimeLimiter.callWithTimeout(SimpleTimeLimiter.java:156)
	at org.openqa.selenium.net.UrlChecker.waitUntilAvailable(UrlChecker.java:75)
	... 35 more
... Removed 26 stack frames]]>
    </failure>
  </testcase> <!-- @BeforeMethod setDriver -->
  <testcase name="@AfterMethod closedriver" time="0.0" classname="Test.TestcLass">
    <skipped/>
  </testcase> <!-- @AfterMethod closedriver -->
  <testcase name="@BeforeMethod setDriver" time="0.0" classname="Test.TestcLass">
    <skipped/>
  </testcase> <!-- @BeforeMethod setDriver -->
  <testcase name="@AfterMethod closedriver" time="0.0" classname="Test.TestcLass">
    <skipped/>
  </testcase> <!-- @AfterMethod closedriver -->
  <testcase name="@BeforeMethod setDriver" time="0.0" classname="Test.TestcLass">
    <skipped/>
  </testcase> <!-- @BeforeMethod setDriver -->
  <testcase name="@AfterMethod closedriver" time="0.0" classname="Test.TestcLass">
    <skipped/>
  </testcase> <!-- @AfterMethod closedriver -->
  <testcase name="SignINTestNormally" time="0.001" classname="Test.TestcLass">
    <skipped/>
  </testcase> <!-- SignINTestNormally -->
  <testcase name="SignINTestViaFB" time="0.002" classname="Test.TestcLass">
    <skipped/>
  </testcase> <!-- SignINTestViaFB -->
  <testcase name="ForgotPassword" time="0.001" classname="Test.TestcLass">
    <skipped/>
  </testcase> <!-- ForgotPassword -->
</testsuite> <!-- Cash -->
